<?xml version="1.0" encoding="UTF-8"?>
<testng-results skipped="0" failed="0" ignored="0" total="2" passed="2">
  <reporter-output>
  </reporter-output>
  <suite name="CodeCoverage" duration-ms="93833" started-at="2020-07-15T09:38:27Z" finished-at="2020-07-15T09:40:01Z">
    <groups>
    </groups>
    <test name="CodeCoverage" duration-ms="93833" started-at="2020-07-15T09:38:27Z" finished-at="2020-07-15T09:40:01Z">
      <class name="TestSuite.LaunchHomePage">
        <test-method status="PASS" signature="startTomcat()[pri:0, instance:TestSuite.LaunchHomePage@1794d431]" name="startTomcat" is-config="true" duration-ms="15" started-at="2020-07-15T09:38:27Z" finished-at="2020-07-15T09:38:27Z">
          <reporter-output>
          </reporter-output>
        </test-method> <!-- startTomcat -->
        <test-method status="PASS" signature="startup()[pri:0, instance:TestSuite.LaunchHomePage@1794d431]" name="startup" is-config="true" duration-ms="17974" started-at="2020-07-15T09:38:28Z" finished-at="2020-07-15T09:38:46Z">
          <reporter-output>
          </reporter-output>
        </test-method> <!-- startup -->
        <test-method status="PASS" signature="verifyHomePage()[pri:0, instance:TestSuite.LaunchHomePage@1794d431]" name="verifyHomePage" duration-ms="5501" started-at="2020-07-15T09:38:46Z" finished-at="2020-07-15T09:38:51Z">
          <reporter-output>
          </reporter-output>
        </test-method> <!-- verifyHomePage -->
        <test-method status="PASS" signature="tearDown()[pri:0, instance:TestSuite.LaunchHomePage@1794d431]" name="tearDown" is-config="true" duration-ms="567" started-at="2020-07-15T09:38:51Z" finished-at="2020-07-15T09:38:52Z">
          <reporter-output>
          </reporter-output>
        </test-method> <!-- tearDown -->
        <test-method status="PASS" signature="startup()[pri:0, instance:TestSuite.LaunchHomePage@1794d431]" name="startup" is-config="true" duration-ms="26998" started-at="2020-07-15T09:38:52Z" finished-at="2020-07-15T09:39:19Z">
          <reporter-output>
          </reporter-output>
        </test-method> <!-- startup -->
        <test-method status="PASS" signature="verifyLogin()[pri:0, instance:TestSuite.LaunchHomePage@1794d431]" name="verifyLogin" duration-ms="41957" started-at="2020-07-15T09:39:19Z" finished-at="2020-07-15T09:40:01Z">
          <reporter-output>
          </reporter-output>
        </test-method> <!-- verifyLogin -->
        <test-method status="PASS" signature="tearDown()[pri:0, instance:TestSuite.LaunchHomePage@1794d431]" name="tearDown" is-config="true" duration-ms="578" started-at="2020-07-15T09:40:01Z" finished-at="2020-07-15T09:40:01Z">
          <reporter-output>
          </reporter-output>
        </test-method> <!-- tearDown -->
        <test-method status="PASS" signature="stopTomcat()[pri:0, instance:TestSuite.LaunchHomePage@1794d431]" name="stopTomcat" is-config="true" duration-ms="4018" started-at="2020-07-15T09:40:02Z" finished-at="2020-07-15T09:40:06Z">
          <reporter-output>
          </reporter-output>
        </test-method> <!-- stopTomcat -->
      </class> <!-- TestSuite.LaunchHomePage -->
    </test> <!-- CodeCoverage -->
  </suite> <!-- CodeCoverage -->
</testng-results>
