<?xml version="1.0" encoding="UTF-8"?>
<testng-results skipped="0" failed="0" ignored="0" total="2" passed="2">
  <reporter-output>
  </reporter-output>
  <suite name="CodeCoverage" duration-ms="27822" started-at="2020-07-15T09:30:08Z" finished-at="2020-07-15T09:30:36Z">
    <groups>
    </groups>
    <test name="CodeCoverage" duration-ms="27822" started-at="2020-07-15T09:30:08Z" finished-at="2020-07-15T09:30:36Z">
      <class name="TestSuite.LaunchHomePage">
        <test-method status="PASS" signature="startTomcat()[pri:0, instance:TestSuite.LaunchHomePage@7c29daf3]" name="startTomcat" is-config="true" duration-ms="13" started-at="2020-07-15T09:30:08Z" finished-at="2020-07-15T09:30:08Z">
          <reporter-output>
          </reporter-output>
        </test-method> <!-- startTomcat -->
        <test-method status="PASS" signature="startup()[pri:0, instance:TestSuite.LaunchHomePage@7c29daf3]" name="startup" is-config="true" duration-ms="12815" started-at="2020-07-15T09:30:08Z" finished-at="2020-07-15T09:30:21Z">
          <reporter-output>
          </reporter-output>
        </test-method> <!-- startup -->
        <test-method status="PASS" signature="verifyHomePage()[pri:0, instance:TestSuite.LaunchHomePage@7c29daf3]" name="verifyHomePage" duration-ms="103" started-at="2020-07-15T09:30:21Z" finished-at="2020-07-15T09:30:21Z">
          <reporter-output>
          </reporter-output>
        </test-method> <!-- verifyHomePage -->
        <test-method status="PASS" signature="tearDown()[pri:0, instance:TestSuite.LaunchHomePage@7c29daf3]" name="tearDown" is-config="true" duration-ms="609" started-at="2020-07-15T09:30:21Z" finished-at="2020-07-15T09:30:21Z">
          <reporter-output>
          </reporter-output>
        </test-method> <!-- tearDown -->
        <test-method status="PASS" signature="startup()[pri:0, instance:TestSuite.LaunchHomePage@7c29daf3]" name="startup" is-config="true" duration-ms="10894" started-at="2020-07-15T09:30:21Z" finished-at="2020-07-15T09:30:32Z">
          <reporter-output>
          </reporter-output>
        </test-method> <!-- startup -->
        <test-method status="PASS" signature="verifyLogin()[pri:0, instance:TestSuite.LaunchHomePage@7c29daf3]" name="verifyLogin" duration-ms="2569" started-at="2020-07-15T09:30:32Z" finished-at="2020-07-15T09:30:35Z">
          <reporter-output>
          </reporter-output>
        </test-method> <!-- verifyLogin -->
        <test-method status="PASS" signature="tearDown()[pri:0, instance:TestSuite.LaunchHomePage@7c29daf3]" name="tearDown" is-config="true" duration-ms="611" started-at="2020-07-15T09:30:35Z" finished-at="2020-07-15T09:30:36Z">
          <reporter-output>
          </reporter-output>
        </test-method> <!-- tearDown -->
        <test-method status="PASS" signature="stopTomcat()[pri:0, instance:TestSuite.LaunchHomePage@7c29daf3]" name="stopTomcat" is-config="true" duration-ms="7007" started-at="2020-07-15T09:30:36Z" finished-at="2020-07-15T09:30:43Z">
          <reporter-output>
          </reporter-output>
        </test-method> <!-- stopTomcat -->
      </class> <!-- TestSuite.LaunchHomePage -->
    </test> <!-- CodeCoverage -->
  </suite> <!-- CodeCoverage -->
</testng-results>
